<?xml version="1.0" encoding="UTF-8"?>
<!-- Generated by org.testng.reporters.JUnitReportReporter -->
<testsuite hostname="sujals-MacBook-Pro.local" failures="0" tests="4" name="test.LoginPageRunner" time="114.301" errors="0" timestamp="2023-03-31T17:07:50 NPT" skipped="0">
  <testcase classname="test.LoginPageRunner" name="LoginEmpty" time="35.686"/>
  <system-out/>
  <testcase classname="test.LoginPageRunner" name="LoginPasswordInvalid" time="8.757"/>
  <system-out/>
  <testcase classname="test.LoginPageRunner" name="LoginEmailInvalid" time="11.274"/>
  <system-out/>
  <testcase classname="test.LoginPageRunner" name="Login" time="58.584"/>
  <system-out/>
</testsuite> <!-- test.LoginPageRunner -->
